<?xml version="1.0" encoding="UTF-8"?>
<testsuite name="com.dewijones92.uniapp.ytdlp.FakeYtDlpEngineTest" tests="4" skipped="0" failures="0" errors="0" timestamp="2026-07-12T06:30:39.127Z" hostname="APTEM-D61QB54" time="0.205">
  <properties/>
  <testcase name="extract returns registered metadata" classname="com.dewijones92.uniapp.ytdlp.FakeYtDlpEngineTest" time="0.179"/>
  <testcase name="download emits started then monotonic progress then completed" classname="com.dewijones92.uniapp.ytdlp.FakeYtDlpEngineTest" time="0.014"/>
  <testcase name="extract reports unsupported url as a value" classname="com.dewijones92.uniapp.ytdlp.FakeYtDlpEngineTest" time="0.003"/>
  <testcase name="download of unknown url fails without progress" classname="com.dewijones92.uniapp.ytdlp.FakeYtDlpEngineTest" time="0.003"/>
  <system-out><![CDATA[]]></system-out>
  <system-err><![CDATA[]]></system-err>
</testsuite>
