<?xml version="1.0" encoding="UTF-8"?>
<testsuite name="com.dewijones92.uniapp.ytdlp.MediaUrlTest" tests="3" skipped="0" failures="0" errors="0" timestamp="2026-07-12T06:30:39.334Z" hostname="APTEM-D61QB54" time="0.003">
  <properties/>
  <testcase name="parses absolute http and https urls" classname="com.dewijones92.uniapp.ytdlp.MediaUrlTest" time="0.0"/>
  <testcase name="rejects non-http schemes and malformed input" classname="com.dewijones92.uniapp.ytdlp.MediaUrlTest" time="0.001"/>
  <testcase name="of throws on invalid input" classname="com.dewijones92.uniapp.ytdlp.MediaUrlTest" time="0.001"/>
  <system-out><![CDATA[]]></system-out>
  <system-err><![CDATA[]]></system-err>
</testsuite>
