<?xml version="1.0" encoding="UTF-8"?>
<testsuite name="com.dewijones92.uniapp.domain.WebUrlTest" tests="6" skipped="0" failures="0" errors="0" timestamp="2026-07-12T06:30:15.457Z" hostname="APTEM-D61QB54" time="0.009">
  <properties/>
  <testcase name="parses http url" classname="com.dewijones92.uniapp.domain.WebUrlTest" time="0.003"/>
  <testcase name="rejects other schemes" classname="com.dewijones92.uniapp.domain.WebUrlTest" time="0.001"/>
  <testcase name="parses https url" classname="com.dewijones92.uniapp.domain.WebUrlTest" time="0.0"/>
  <testcase name="trims surrounding whitespace" classname="com.dewijones92.uniapp.domain.WebUrlTest" time="0.0"/>
  <testcase name="rejects relative and malformed input" classname="com.dewijones92.uniapp.domain.WebUrlTest" time="0.001"/>
  <testcase name="of throws on invalid input" classname="com.dewijones92.uniapp.domain.WebUrlTest" time="0.001"/>
  <system-out><![CDATA[]]></system-out>
  <system-err><![CDATA[]]></system-err>
</testsuite>
